[0.074s] Invoking command in '/home/user/dev_ws_b/src/his_bot/build/his_bot': CMAKE_PREFIX_PATH=/opt/ros/humble /usr/bin/cmake /home/user/dev_ws_b/src/his_bot -DAMENT_CMAKE_SYMLINK_INSTALL=1 -DCMAKE_INSTALL_PREFIX=/home/user/dev_ws_b/src/his_bot/install/his_bot
[0.624s] -- The C compiler identification is GNU 11.3.0
[0.934s] -- The CXX compiler identification is GNU 11.3.0
[0.975s] -- Detecting C compiler ABI info
[1.169s] -- Detecting C compiler ABI info - done
[1.199s] -- Check for working C compiler: /usr/bin/cc - skipped
[1.201s] -- Detecting C compile features
[1.203s] -- Detecting C compile features - done
[1.215s] -- Detecting CXX compiler ABI info
[1.390s] -- Detecting CXX compiler ABI info - done
[1.418s] -- Check for working CXX compiler: /usr/bin/c++ - skipped
[1.420s] -- Detecting CXX compile features
[1.422s] -- Detecting CXX compile features - done
[1.469s] -- Found ament_cmake: 1.3.3 (/opt/ros/humble/share/ament_cmake/cmake)
[1.986s] -- Found Python3: /usr/bin/python3.10 (found version "3.10.6") found components: Interpreter 
[2.217s] -- Override CMake install command with custom implementation using symlinks instead of copying resources
[2.315s] -- Found ament_lint_auto: 0.12.4 (/opt/ros/humble/share/ament_lint_auto/cmake)
[2.593s] -- Added test 'copyright' to check source files copyright and LICENSE
[2.659s] -- Added test 'cppcheck' to perform static code analysis on C / C++ code
[2.659s] -- Configured cppcheck include dirs: 
[2.659s] -- Configured cppcheck exclude dirs and/or files: 
[2.685s] -- Added test 'cpplint' to check C / C++ code against the Google style
[2.685s] -- Configured cpplint exclude dirs and/or files: 
[2.689s] -- Added test 'flake8' to check Python code syntax and style conventions
[2.697s] -- Added test 'lint_cmake' to check CMake code style
[2.701s] -- Added test 'pep257' to check Python code against some of the docstring style conventions in PEP 257
[2.726s] -- Added test 'uncrustify' to check C / C++ code style
[2.726s] -- Configured uncrustify additional arguments: 
[2.732s] -- Added test 'xmllint' to check XML markup files
[2.739s] -- Configuring done
[2.755s] -- Generating done
[2.758s] -- Build files have been written to: /home/user/dev_ws_b/src/his_bot/build/his_bot
[2.770s] Invoked command in '/home/user/dev_ws_b/src/his_bot/build/his_bot' returned '0': CMAKE_PREFIX_PATH=/opt/ros/humble /usr/bin/cmake /home/user/dev_ws_b/src/his_bot -DAMENT_CMAKE_SYMLINK_INSTALL=1 -DCMAKE_INSTALL_PREFIX=/home/user/dev_ws_b/src/his_bot/install/his_bot
[2.771s] Invoking command in '/home/user/dev_ws_b/src/his_bot/build/his_bot': CMAKE_PREFIX_PATH=/opt/ros/humble /usr/bin/cmake --build /home/user/dev_ws_b/src/his_bot/build/his_bot -- -j2 -l2
[2.851s] Invoked command in '/home/user/dev_ws_b/src/his_bot/build/his_bot' returned '0': CMAKE_PREFIX_PATH=/opt/ros/humble /usr/bin/cmake --build /home/user/dev_ws_b/src/his_bot/build/his_bot -- -j2 -l2
[2.927s] Invoking command in '/home/user/dev_ws_b/src/his_bot/build/his_bot': CMAKE_PREFIX_PATH=/opt/ros/humble /usr/bin/cmake --install /home/user/dev_ws_b/src/his_bot/build/his_bot
[2.945s] -- Install configuration: ""
[2.948s] -- Execute custom install script
[2.954s] -- Symlinking: /home/user/dev_ws_b/src/his_bot/install/his_bot/share/his_bot/config/drive_bot.rviz
[2.974s] -- Symlinking: /home/user/dev_ws_b/src/his_bot/install/his_bot/share/his_bot/config/empty.yaml
[2.991s] -- Symlinking: /home/user/dev_ws_b/src/his_bot/install/his_bot/share/his_bot/config/gaz_ros2_ctl_use_sim.yaml
[3.005s] -- Symlinking: /home/user/dev_ws_b/src/his_bot/install/his_bot/share/his_bot/config/gazebo_params.yaml
[3.019s] -- Symlinking: /home/user/dev_ws_b/src/his_bot/install/his_bot/share/his_bot/config/joystick.yaml
[3.036s] -- Symlinking: /home/user/dev_ws_b/src/his_bot/install/his_bot/share/his_bot/config/main.rviz
[3.063s] -- Symlinking: /home/user/dev_ws_b/src/his_bot/install/his_bot/share/his_bot/config/map.rviz
[3.076s] -- Symlinking: /home/user/dev_ws_b/src/his_bot/install/his_bot/share/his_bot/config/mapper_params_online_async.yaml
[3.092s] -- Symlinking: /home/user/dev_ws_b/src/his_bot/install/his_bot/share/his_bot/config/my_controllers.yaml
[3.106s] -- Symlinking: /home/user/dev_ws_b/src/his_bot/install/his_bot/share/his_bot/config/nav2_params.yaml
[3.120s] -- Symlinking: /home/user/dev_ws_b/src/his_bot/install/his_bot/share/his_bot/config/twist_mux.yaml
[3.136s] -- Symlinking: /home/user/dev_ws_b/src/his_bot/install/his_bot/share/his_bot/config/view_bot.rviz
[3.154s] -- Symlinking: /home/user/dev_ws_b/src/his_bot/install/his_bot/share/his_bot/description/gazebo_control.xacro
[3.174s] -- Symlinking: /home/user/dev_ws_b/src/his_bot/install/his_bot/share/his_bot/description/inertial_macros.xacro
[3.190s] -- Symlinking: /home/user/dev_ws_b/src/his_bot/install/his_bot/share/his_bot/description/robot.urdf.xacro
[3.208s] -- Symlinking: /home/user/dev_ws_b/src/his_bot/install/his_bot/share/his_bot/description/robot_core.xacro
[3.225s] -- Symlinking: /home/user/dev_ws_b/src/his_bot/install/his_bot/share/his_bot/launch/launch_sim.launch.py
[3.245s] -- Symlinking: /home/user/dev_ws_b/src/his_bot/install/his_bot/share/his_bot/launch/rsp.launch.py
[3.263s] -- Symlinking: /home/user/dev_ws_b/src/his_bot/install/his_bot/share/his_bot/worlds/empty.world
[3.280s] -- Symlinking: /home/user/dev_ws_b/src/his_bot/install/his_bot/share/his_bot/worlds/obstacles.world
[3.298s] -- Symlinking: /home/user/dev_ws_b/src/his_bot/install/his_bot/share/ament_index/resource_index/package_run_dependencies/his_bot
[3.316s] -- Symlinking: /home/user/dev_ws_b/src/his_bot/install/his_bot/share/ament_index/resource_index/parent_prefix_path/his_bot
[3.334s] -- Symlinking: /home/user/dev_ws_b/src/his_bot/install/his_bot/share/his_bot/environment/ament_prefix_path.sh
[3.365s] -- Symlinking: /home/user/dev_ws_b/src/his_bot/install/his_bot/share/his_bot/environment/ament_prefix_path.dsv
[3.365s] -- Symlinking: /home/user/dev_ws_b/src/his_bot/install/his_bot/share/his_bot/environment/path.sh
[3.384s] -- Symlinking: /home/user/dev_ws_b/src/his_bot/install/his_bot/share/his_bot/environment/path.dsv
[3.403s] -- Symlinking: /home/user/dev_ws_b/src/his_bot/install/his_bot/share/his_bot/local_setup.bash
[3.422s] -- Symlinking: /home/user/dev_ws_b/src/his_bot/install/his_bot/share/his_bot/local_setup.sh
[3.448s] -- Symlinking: /home/user/dev_ws_b/src/his_bot/install/his_bot/share/his_bot/local_setup.zsh
[3.460s] -- Symlinking: /home/user/dev_ws_b/src/his_bot/install/his_bot/share/his_bot/local_setup.dsv
[3.480s] -- Symlinking: /home/user/dev_ws_b/src/his_bot/install/his_bot/share/his_bot/package.dsv
[3.500s] -- Symlinking: /home/user/dev_ws_b/src/his_bot/install/his_bot/share/ament_index/resource_index/packages/his_bot
[3.519s] -- Symlinking: /home/user/dev_ws_b/src/his_bot/install/his_bot/share/his_bot/cmake/his_botConfig.cmake
[3.539s] -- Symlinking: /home/user/dev_ws_b/src/his_bot/install/his_bot/share/his_bot/cmake/his_botConfig-version.cmake
[3.556s] -- Symlinking: /home/user/dev_ws_b/src/his_bot/install/his_bot/share/his_bot/package.xml
[3.585s] Invoked command in '/home/user/dev_ws_b/src/his_bot/build/his_bot' returned '0': CMAKE_PREFIX_PATH=/opt/ros/humble /usr/bin/cmake --install /home/user/dev_ws_b/src/his_bot/build/his_bot
