[1.673s] DEBUG:colcon:Command line arguments: ['/usr/bin/colcon', 'build', '--symlink-install']
[1.673s] DEBUG:colcon:Parsed command line arguments: Namespace(log_base=None, log_level=None, verb_name='build', build_base='build', install_base='install', merge_install=False, symlink_install=True, test_result_base=None, continue_on_error=False, executor='parallel', parallel_workers=2, event_handlers=None, ignore_user_meta=False, metas=['./colcon.meta'], base_paths=['.'], packages_ignore=None, packages_ignore_regex=None, paths=None, packages_up_to=None, packages_up_to_regex=None, packages_above=None, packages_above_and_dependencies=None, packages_above_depth=None, packages_select_by_dep=None, packages_skip_by_dep=None, packages_skip_up_to=None, packages_select_build_failed=False, packages_skip_build_finished=False, packages_select_test_failures=False, packages_skip_test_passed=False, packages_select=None, packages_skip=None, packages_select_regex=None, packages_skip_regex=None, packages_start=None, packages_end=None, allow_overriding=[], cmake_args=None, cmake_target=None, cmake_target_skip_unavailable=False, cmake_clean_cache=False, cmake_clean_first=False, cmake_force_configure=False, ament_cmake_args=None, catkin_cmake_args=None, catkin_skip_building_tests=False, verb_parser=<colcon_defaults.argument_parser.defaults.DefaultArgumentsDecorator object at 0x7f683d5f77c0>, verb_extension=<colcon_core.verb.build.BuildVerb object at 0x7f683dfb6a10>, main=<bound method BuildVerb.main of <colcon_core.verb.build.BuildVerb object at 0x7f683dfb6a10>>)
[1.817s] Level 1:colcon.colcon_core.package_discovery:discover_packages(colcon_meta) check parameters
[1.818s] Level 1:colcon.colcon_core.package_discovery:discover_packages(recursive) check parameters
[1.818s] Level 1:colcon.colcon_core.package_discovery:discover_packages(ignore) check parameters
[1.818s] Level 1:colcon.colcon_core.package_discovery:discover_packages(path) check parameters
[1.818s] Level 1:colcon.colcon_core.package_discovery:discover_packages(colcon_meta) discover
[1.818s] Level 1:colcon.colcon_core.package_discovery:discover_packages(recursive) discover
[1.818s] INFO:colcon.colcon_core.package_discovery:Crawling recursively for packages in '/home/user/dev_ws_b/src/his_bot'
[1.818s] Level 1:colcon.colcon_core.package_identification:_identify(.) by extensions ['ignore', 'ignore_ament_install']
[1.821s] Level 1:colcon.colcon_core.package_identification:_identify(.) by extension 'ignore'
[1.821s] Level 1:colcon.colcon_core.package_identification:_identify(.) by extension 'ignore_ament_install'
[1.821s] Level 1:colcon.colcon_core.package_identification:_identify(.) by extensions ['colcon_pkg']
[1.822s] Level 1:colcon.colcon_core.package_identification:_identify(.) by extension 'colcon_pkg'
[1.822s] Level 1:colcon.colcon_core.package_identification:_identify(.) by extensions ['colcon_meta']
[1.822s] Level 1:colcon.colcon_core.package_identification:_identify(.) by extension 'colcon_meta'
[1.822s] Level 1:colcon.colcon_core.package_identification:_identify(.) by extensions ['ros']
[1.822s] Level 1:colcon.colcon_core.package_identification:_identify(.) by extension 'ros'
[1.882s] DEBUG:colcon.colcon_core.package_identification:Package '.' with type 'ros.ament_cmake' and name 'his_bot'
[1.882s] Level 1:colcon.colcon_core.package_discovery:discover_packages(recursive) using defaults
[1.883s] Level 1:colcon.colcon_core.package_discovery:discover_packages(ignore) discover
[1.883s] Level 1:colcon.colcon_core.package_discovery:discover_packages(ignore) using defaults
[1.883s] Level 1:colcon.colcon_core.package_discovery:discover_packages(path) discover
[1.883s] Level 1:colcon.colcon_core.package_discovery:discover_packages(path) using defaults
[1.983s] Level 1:colcon.colcon_core.package_discovery:discover_packages(prefix_path) check parameters
[1.983s] Level 1:colcon.colcon_core.package_discovery:discover_packages(prefix_path) discover
[2.000s] DEBUG:colcon.colcon_installed_package_information.package_discovery:Found 281 installed packages in /opt/ros/humble
[2.006s] Level 1:colcon.colcon_core.package_discovery:discover_packages(prefix_path) using defaults
[2.302s] Level 5:colcon.colcon_core.verb:set package 'his_bot' build argument 'cmake_args' from command line to 'None'
[2.303s] Level 5:colcon.colcon_core.verb:set package 'his_bot' build argument 'cmake_target' from command line to 'None'
[2.303s] Level 5:colcon.colcon_core.verb:set package 'his_bot' build argument 'cmake_target_skip_unavailable' from command line to 'False'
[2.303s] Level 5:colcon.colcon_core.verb:set package 'his_bot' build argument 'cmake_clean_cache' from command line to 'False'
[2.303s] Level 5:colcon.colcon_core.verb:set package 'his_bot' build argument 'cmake_clean_first' from command line to 'False'
[2.303s] Level 5:colcon.colcon_core.verb:set package 'his_bot' build argument 'cmake_force_configure' from command line to 'False'
[2.303s] Level 5:colcon.colcon_core.verb:set package 'his_bot' build argument 'ament_cmake_args' from command line to 'None'
[2.303s] Level 5:colcon.colcon_core.verb:set package 'his_bot' build argument 'catkin_cmake_args' from command line to 'None'
[2.303s] Level 5:colcon.colcon_core.verb:set package 'his_bot' build argument 'catkin_skip_building_tests' from command line to 'False'
[2.303s] DEBUG:colcon.colcon_core.verb:Building package 'his_bot' with the following arguments: {'ament_cmake_args': None, 'build_base': '/home/user/dev_ws_b/src/his_bot/build/his_bot', 'catkin_cmake_args': None, 'catkin_skip_building_tests': False, 'cmake_args': None, 'cmake_clean_cache': False, 'cmake_clean_first': False, 'cmake_force_configure': False, 'cmake_target': None, 'cmake_target_skip_unavailable': False, 'install_base': '/home/user/dev_ws_b/src/his_bot/install/his_bot', 'merge_install': False, 'path': '/home/user/dev_ws_b/src/his_bot', 'symlink_install': True, 'test_result_base': None}
[2.305s] INFO:colcon.colcon_core.executor:Executing jobs using 'parallel' executor
[2.316s] DEBUG:colcon.colcon_parallel_executor.executor.parallel:run_until_complete
[2.316s] INFO:colcon.colcon_ros.task.ament_cmake.build:Building ROS package in '/home/user/dev_ws_b/src/his_bot' with build type 'ament_cmake'
[2.316s] INFO:colcon.colcon_cmake.task.cmake.build:Building CMake package in '/home/user/dev_ws_b/src/his_bot'
[2.353s] INFO:colcon.colcon_core.plugin_system:Skipping extension 'colcon_core.shell.bat': Not used on non-Windows systems
[2.359s] INFO:colcon.colcon_core.shell:Skip shell extension 'powershell' for command environment: Not usable outside of PowerShell
[2.359s] DEBUG:colcon.colcon_core.shell:Skip shell extension 'dsv' for command environment
[2.393s] DEBUG:colcon.colcon_core.event_handler.log_command:Invoking command in '/home/user/dev_ws_b/src/his_bot/build/his_bot': CMAKE_PREFIX_PATH=/opt/ros/humble /usr/bin/cmake /home/user/dev_ws_b/src/his_bot -DAMENT_CMAKE_SYMLINK_INSTALL=1 -DCMAKE_INSTALL_PREFIX=/home/user/dev_ws_b/src/his_bot/install/his_bot
[5.089s] DEBUG:colcon.colcon_core.event_handler.log_command:Invoked command in '/home/user/dev_ws_b/src/his_bot/build/his_bot' returned '0': CMAKE_PREFIX_PATH=/opt/ros/humble /usr/bin/cmake /home/user/dev_ws_b/src/his_bot -DAMENT_CMAKE_SYMLINK_INSTALL=1 -DCMAKE_INSTALL_PREFIX=/home/user/dev_ws_b/src/his_bot/install/his_bot
[5.090s] DEBUG:colcon.colcon_core.event_handler.log_command:Invoking command in '/home/user/dev_ws_b/src/his_bot/build/his_bot': CMAKE_PREFIX_PATH=/opt/ros/humble /usr/bin/cmake --build /home/user/dev_ws_b/src/his_bot/build/his_bot -- -j2 -l2
[5.170s] DEBUG:colcon.colcon_core.event_handler.log_command:Invoked command in '/home/user/dev_ws_b/src/his_bot/build/his_bot' returned '0': CMAKE_PREFIX_PATH=/opt/ros/humble /usr/bin/cmake --build /home/user/dev_ws_b/src/his_bot/build/his_bot -- -j2 -l2
[5.245s] DEBUG:colcon.colcon_core.event_handler.log_command:Invoking command in '/home/user/dev_ws_b/src/his_bot/build/his_bot': CMAKE_PREFIX_PATH=/opt/ros/humble /usr/bin/cmake --install /home/user/dev_ws_b/src/his_bot/build/his_bot
[5.901s] Level 1:colcon.colcon_core.environment:create_environment_scripts_only(his_bot)
[5.903s] DEBUG:colcon.colcon_core.event_handler.log_command:Invoked command in '/home/user/dev_ws_b/src/his_bot/build/his_bot' returned '0': CMAKE_PREFIX_PATH=/opt/ros/humble /usr/bin/cmake --install /home/user/dev_ws_b/src/his_bot/build/his_bot
[5.932s] Level 1:colcon.colcon_core.environment:checking '/home/user/dev_ws_b/src/his_bot/install/his_bot' for CMake module files
[5.934s] Level 1:colcon.colcon_core.environment:checking '/home/user/dev_ws_b/src/his_bot/install/his_bot' for CMake config files
[5.935s] Level 1:colcon.colcon_core.shell:create_environment_hook('his_bot', 'cmake_prefix_path')
[5.939s] INFO:colcon.colcon_core.shell:Creating environment hook '/home/user/dev_ws_b/src/his_bot/install/his_bot/share/his_bot/hook/cmake_prefix_path.ps1'
[5.941s] INFO:colcon.colcon_core.shell:Creating environment descriptor '/home/user/dev_ws_b/src/his_bot/install/his_bot/share/his_bot/hook/cmake_prefix_path.dsv'
[5.945s] INFO:colcon.colcon_core.shell:Creating environment hook '/home/user/dev_ws_b/src/his_bot/install/his_bot/share/his_bot/hook/cmake_prefix_path.sh'
[5.947s] Level 1:colcon.colcon_core.environment:checking '/home/user/dev_ws_b/src/his_bot/install/his_bot/bin'
[5.947s] Level 1:colcon.colcon_core.environment:checking '/home/user/dev_ws_b/src/his_bot/install/his_bot/lib/pkgconfig/his_bot.pc'
[5.948s] Level 1:colcon.colcon_core.environment:checking '/home/user/dev_ws_b/src/his_bot/install/his_bot/lib/python3.10/site-packages'
[5.949s] Level 1:colcon.colcon_core.environment:checking '/home/user/dev_ws_b/src/his_bot/install/his_bot/bin'
[5.953s] INFO:colcon.colcon_core.shell:Creating package script '/home/user/dev_ws_b/src/his_bot/install/his_bot/share/his_bot/package.ps1'
[5.958s] INFO:colcon.colcon_core.shell:Creating package descriptor '/home/user/dev_ws_b/src/his_bot/install/his_bot/share/his_bot/package.dsv'
[5.960s] INFO:colcon.colcon_core.shell:Creating package script '/home/user/dev_ws_b/src/his_bot/install/his_bot/share/his_bot/package.sh'
[5.962s] INFO:colcon.colcon_core.shell:Creating package script '/home/user/dev_ws_b/src/his_bot/install/his_bot/share/his_bot/package.bash'
[5.965s] INFO:colcon.colcon_core.shell:Creating package script '/home/user/dev_ws_b/src/his_bot/install/his_bot/share/his_bot/package.zsh'
[5.971s] Level 1:colcon.colcon_core.environment:create_file_with_runtime_dependencies(/home/user/dev_ws_b/src/his_bot/install/his_bot/share/colcon-core/packages/his_bot)
[6.035s] Level 1:colcon.colcon_core.environment:create_environment_scripts_only(his_bot)
[6.039s] Level 1:colcon.colcon_core.environment:checking '/home/user/dev_ws_b/src/his_bot/install/his_bot' for CMake module files
[6.040s] Level 1:colcon.colcon_core.environment:checking '/home/user/dev_ws_b/src/his_bot/install/his_bot' for CMake config files
[6.041s] Level 1:colcon.colcon_core.shell:create_environment_hook('his_bot', 'cmake_prefix_path')
[6.045s] INFO:colcon.colcon_core.shell:Creating environment hook '/home/user/dev_ws_b/src/his_bot/install/his_bot/share/his_bot/hook/cmake_prefix_path.ps1'
[6.047s] INFO:colcon.colcon_core.shell:Creating environment descriptor '/home/user/dev_ws_b/src/his_bot/install/his_bot/share/his_bot/hook/cmake_prefix_path.dsv'
[6.048s] INFO:colcon.colcon_core.shell:Creating environment hook '/home/user/dev_ws_b/src/his_bot/install/his_bot/share/his_bot/hook/cmake_prefix_path.sh'
[6.049s] Level 1:colcon.colcon_core.environment:checking '/home/user/dev_ws_b/src/his_bot/install/his_bot/bin'
[6.050s] Level 1:colcon.colcon_core.environment:checking '/home/user/dev_ws_b/src/his_bot/install/his_bot/lib/pkgconfig/his_bot.pc'
[6.050s] Level 1:colcon.colcon_core.environment:checking '/home/user/dev_ws_b/src/his_bot/install/his_bot/lib/python3.10/site-packages'
[6.051s] Level 1:colcon.colcon_core.environment:checking '/home/user/dev_ws_b/src/his_bot/install/his_bot/bin'
[6.055s] INFO:colcon.colcon_core.shell:Creating package script '/home/user/dev_ws_b/src/his_bot/install/his_bot/share/his_bot/package.ps1'
[6.057s] INFO:colcon.colcon_core.shell:Creating package descriptor '/home/user/dev_ws_b/src/his_bot/install/his_bot/share/his_bot/package.dsv'
[6.059s] INFO:colcon.colcon_core.shell:Creating package script '/home/user/dev_ws_b/src/his_bot/install/his_bot/share/his_bot/package.sh'
[6.060s] INFO:colcon.colcon_core.shell:Creating package script '/home/user/dev_ws_b/src/his_bot/install/his_bot/share/his_bot/package.bash'
[6.061s] INFO:colcon.colcon_core.shell:Creating package script '/home/user/dev_ws_b/src/his_bot/install/his_bot/share/his_bot/package.zsh'
[6.063s] Level 1:colcon.colcon_core.environment:create_file_with_runtime_dependencies(/home/user/dev_ws_b/src/his_bot/install/his_bot/share/colcon-core/packages/his_bot)
[6.064s] DEBUG:colcon.colcon_parallel_executor.executor.parallel:closing loop
[6.065s] DEBUG:colcon.colcon_parallel_executor.executor.parallel:loop closed
[6.065s] DEBUG:colcon.colcon_parallel_executor.executor.parallel:run_until_complete finished with '0'
[6.065s] DEBUG:colcon.colcon_core.event_reactor:joining thread
[6.132s] INFO:colcon.colcon_core.plugin_system:Skipping extension 'colcon_notification.desktop_notification.terminal_notifier': Not used on non-Darwin systems
[6.132s] INFO:colcon.colcon_core.plugin_system:Skipping extension 'colcon_notification.desktop_notification.win32': Not used on non-Windows systems
[6.133s] INFO:colcon.colcon_notification.desktop_notification:Sending desktop notification using 'notify2'
[6.193s] DEBUG:colcon.colcon_core.event_reactor:joined thread
[6.198s] INFO:colcon.colcon_core.shell:Creating prefix script '/home/user/dev_ws_b/src/his_bot/install/local_setup.ps1'
[6.203s] INFO:colcon.colcon_core.shell:Creating prefix util module '/home/user/dev_ws_b/src/his_bot/install/_local_setup_util_ps1.py'
[6.215s] INFO:colcon.colcon_core.shell:Creating prefix chain script '/home/user/dev_ws_b/src/his_bot/install/setup.ps1'
[6.223s] INFO:colcon.colcon_core.shell:Creating prefix script '/home/user/dev_ws_b/src/his_bot/install/local_setup.sh'
[6.226s] INFO:colcon.colcon_core.shell:Creating prefix util module '/home/user/dev_ws_b/src/his_bot/install/_local_setup_util_sh.py'
[6.227s] INFO:colcon.colcon_core.shell:Creating prefix chain script '/home/user/dev_ws_b/src/his_bot/install/setup.sh'
[6.232s] INFO:colcon.colcon_core.shell:Creating prefix script '/home/user/dev_ws_b/src/his_bot/install/local_setup.bash'
[6.240s] INFO:colcon.colcon_core.shell:Creating prefix chain script '/home/user/dev_ws_b/src/his_bot/install/setup.bash'
[6.248s] INFO:colcon.colcon_core.shell:Creating prefix script '/home/user/dev_ws_b/src/his_bot/install/local_setup.zsh'
[6.251s] INFO:colcon.colcon_core.shell:Creating prefix chain script '/home/user/dev_ws_b/src/his_bot/install/setup.zsh'
